<?xml version="1.0" encoding="UTF-8"?>
<coverage generated="1774616176321" clover="3.2.0">
  <project timestamp="1774616176321" name="All files">
    <metrics statements="14" coveredstatements="14" conditionals="0" coveredconditionals="0" methods="10" coveredmethods="10" elements="24" coveredelements="24" complexity="0" loc="14" ncloc="14" packages="1" files="3" classes="3"/>
    <file name="App.jsx" path="C:/Users/raren/Desktop/Trabajos/ScrimbaReactProjects/MemeGenerator/src/App.jsx">
      <metrics statements="1" coveredstatements="1" conditionals="0" coveredconditionals="0" methods="1" coveredmethods="1"/>
      <line num="5" count="3" type="stmt"/>
    </file>
    <file name="header.jsx" path="C:/Users/raren/Desktop/Trabajos/ScrimbaReactProjects/MemeGenerator/src/header.jsx">
      <metrics statements="1" coveredstatements="1" conditionals="0" coveredconditionals="0" methods="1" coveredmethods="1"/>
      <line num="5" count="4" type="stmt"/>
    </file>
    <file name="main.jsx" path="C:/Users/raren/Desktop/Trabajos/ScrimbaReactProjects/MemeGenerator/src/main.jsx">
      <metrics statements="12" coveredstatements="12" conditionals="0" coveredconditionals="0" methods="8" coveredmethods="8"/>
      <line num="5" count="53" type="stmt"/>
      <line num="11" count="53" type="stmt"/>
      <line num="13" count="53" type="stmt"/>
      <line num="14" count="5" type="stmt"/>
      <line num="15" count="5" type="stmt"/>
      <line num="16" count="5" type="stmt"/>
      <line num="20" count="1" type="stmt"/>
      <line num="21" count="1" type="stmt"/>
      <line num="22" count="1" type="stmt"/>
      <line num="29" count="44" type="stmt"/>
      <line num="30" count="44" type="stmt"/>
      <line num="37" count="53" type="stmt"/>
    </file>
  </project>
</coverage>
