{"C:/Users/raren/Desktop/Trabajos/ScrimbaReactProjects/MemeGenerator/src/App.jsx": {"path":"C:/Users/raren/Desktop/Trabajos/ScrimbaReactProjects/MemeGenerator/src/App.jsx","statementMap":{"0":{"start":{"line":5,"column":2},"end":{"line":9,"column":null}}},"fnMap":{"0":{"name":"App","decl":{"start":{"line":4,"column":24},"end":{"line":4,"column":30}},"loc":{"start":{"line":4,"column":30},"end":{"line":11,"column":null}}}},"branchMap":{},"s":{"0":3},"f":{"0":3},"b":{}}
,"C:/Users/raren/Desktop/Trabajos/ScrimbaReactProjects/MemeGenerator/src/header.jsx": {"path":"C:/Users/raren/Desktop/Trabajos/ScrimbaReactProjects/MemeGenerator/src/header.jsx","statementMap":{"0":{"start":{"line":5,"column":2},"end":{"line":9,"column":null}}},"fnMap":{"0":{"name":"Header","decl":{"start":{"line":4,"column":24},"end":{"line":4,"column":33}},"loc":{"start":{"line":4,"column":33},"end":{"line":11,"column":null}}}},"branchMap":{},"s":{"0":4},"f":{"0":4},"b":{}}
,"C:/Users/raren/Desktop/Trabajos/ScrimbaReactProjects/MemeGenerator/src/main.jsx": {"path":"C:/Users/raren/Desktop/Trabajos/ScrimbaReactProjects/MemeGenerator/src/main.jsx","statementMap":{"0":{"start":{"line":5,"column":28},"end":{"line":9,"column":null}},"1":{"start":{"line":11,"column":32},"end":{"line":11,"column":null}},"2":{"start":{"line":13,"column":0},"end":{"line":17,"column":null}},"3":{"start":{"line":14,"column":4},"end":{"line":16,"column":null}},"4":{"start":{"line":15,"column":22},"end":{"line":15,"column":33}},"5":{"start":{"line":16,"column":22},"end":{"line":16,"column":50}},"6":{"start":{"line":20,"column":25},"end":{"line":20,"column":null}},"7":{"start":{"line":21,"column":23},"end":{"line":21,"column":null}},"8":{"start":{"line":22,"column":4},"end":{"line":25,"column":null}},"9":{"start":{"line":22,"column":25},"end":{"line":25,"column":6}},"10":{"start":{"line":29,"column":25},"end":{"line":29,"column":null}},"11":{"start":{"line":30,"column":4},"end":{"line":34,"column":null}},"12":{"start":{"line":30,"column":25},"end":{"line":34,"column":6}},"13":{"start":{"line":37,"column":2},"end":{"line":66,"column":null}}},"fnMap":{"0":{"name":"Main","decl":{"start":{"line":3,"column":24},"end":{"line":3,"column":31}},"loc":{"start":{"line":3,"column":31},"end":{"line":69,"column":null}}},"1":{"name":"(anonymous_1)","decl":{"start":{"line":13,"column":10},"end":{"line":13,"column":16}},"loc":{"start":{"line":13,"column":16},"end":{"line":17,"column":7}}},"2":{"name":"(anonymous_2)","decl":{"start":{"line":15,"column":14},"end":{"line":15,"column":22}},"loc":{"start":{"line":15,"column":22},"end":{"line":15,"column":33}}},"3":{"name":"(anonymous_3)","decl":{"start":{"line":16,"column":14},"end":{"line":16,"column":22}},"loc":{"start":{"line":16,"column":22},"end":{"line":16,"column":50}}},"4":{"name":"getMemeImage","decl":{"start":{"line":19,"column":9},"end":{"line":19,"column":23}},"loc":{"start":{"line":19,"column":23},"end":{"line":26,"column":null}}},"5":{"name":"(anonymous_5)","decl":{"start":{"line":22,"column":12},"end":{"line":22,"column":25}},"loc":{"start":{"line":22,"column":25},"end":{"line":25,"column":6}}},"6":{"name":"handleChange","decl":{"start":{"line":28,"column":9},"end":{"line":28,"column":22}},"loc":{"start":{"line":28,"column":28},"end":{"line":35,"column":null}}},"7":{"name":"(anonymous_7)","decl":{"start":{"line":30,"column":12},"end":{"line":30,"column":25}},"loc":{"start":{"line":30,"column":25},"end":{"line":34,"column":6}}}},"branchMap":{},"s":{"0":53,"1":53,"2":53,"3":5,"4":5,"5":5,"6":1,"7":1,"8":1,"9":1,"10":44,"11":44,"12":44,"13":53},"f":{"0":53,"1":5,"2":5,"3":5,"4":1,"5":1,"6":44,"7":44},"b":{}}
}
